0 info it worked if it ends with ok
1 verbose cli [ '/usr/local/bin/node', '/usr/local/bin/npm', 'run', 'dev' ]
2 info using npm@3.10.8
3 info using node@v6.9.0
4 verbose run-script [ 'predev', 'dev', 'postdev' ]
5 info lifecycle sams_site@1.5.0~predev: sams_site@1.5.0
6 silly lifecycle sams_site@1.5.0~predev: no script for predev, continuing
7 info lifecycle sams_site@1.5.0~dev: sams_site@1.5.0
8 verbose lifecycle sams_site@1.5.0~dev: unsafe-perm in lifecycle true
9 verbose lifecycle sams_site@1.5.0~dev: PATH: /usr/local/lib/node_modules/npm/bin/node-gyp-bin:/Users/sam/Code/SamPedley.github.io/node_modules/.bin:/Users/sam/bin:/usr/local/bin:/usr/bin:/bin:/usr/sbin:/sbin
10 verbose lifecycle sams_site@1.5.0~dev: CWD: /Users/sam/Code/SamPedley.github.io
11 silly lifecycle sams_site@1.5.0~dev: Args: [ '-c', 'bundle exec jekyll serve' ]
12 silly lifecycle sams_site@1.5.0~dev: Returned: code: 1  signal: null
13 info lifecycle sams_site@1.5.0~dev: Failed to exec dev script
14 verbose stack Error: sams_site@1.5.0 dev: `bundle exec jekyll serve`
14 verbose stack Exit status 1
14 verbose stack     at EventEmitter.<anonymous> (/usr/local/lib/node_modules/npm/lib/utils/lifecycle.js:255:16)
14 verbose stack     at emitTwo (events.js:106:13)
14 verbose stack     at EventEmitter.emit (events.js:191:7)
14 verbose stack     at ChildProcess.<anonymous> (/usr/local/lib/node_modules/npm/lib/utils/spawn.js:40:14)
14 verbose stack     at emitTwo (events.js:106:13)
14 verbose stack     at ChildProcess.emit (events.js:191:7)
14 verbose stack     at maybeClose (internal/child_process.js:877:16)
14 verbose stack     at Process.ChildProcess._handle.onexit (internal/child_process.js:226:5)
15 verbose pkgid sams_site@1.5.0
16 verbose cwd /Users/sam/Code/SamPedley.github.io
17 error Darwin 16.1.0
18 error argv "/usr/local/bin/node" "/usr/local/bin/npm" "run" "dev"
19 error node v6.9.0
20 error npm  v3.10.8
21 error code ELIFECYCLE
22 error sams_site@1.5.0 dev: `bundle exec jekyll serve`
22 error Exit status 1
23 error Failed at the sams_site@1.5.0 dev script 'bundle exec jekyll serve'.
23 error Make sure you have the latest version of node.js and npm installed.
23 error If you do, this is most likely a problem with the sams_site package,
23 error not with npm itself.
23 error Tell the author that this fails on your system:
23 error     bundle exec jekyll serve
23 error You can get information on how to open an issue for this project with:
23 error     npm bugs sams_site
23 error Or if that isn't available, you can get their info via:
23 error     npm owner ls sams_site
23 error There is likely additional logging output above.
24 verbose exit [ 1, true ]
